[17-Jun-2016 16:11:08 UTC] PHP Parse error:  syntax error, unexpected 'Global' (T_GLOBAL), expecting identifier (T_STRING) in /home/ubuntu/workspace/app_cards/src/Model/Table/GlobalsTable.php on line 4
[17-Jun-2016 16:11:08 UTC] PHP Stack trace:
[17-Jun-2016 16:11:08 UTC] PHP   1. {main}() /home/ubuntu/workspace/app_cards/bin/cake.php:0
[17-Jun-2016 16:11:08 UTC] PHP   2. Cake\Console\ShellDispatcher::run() /home/ubuntu/workspace/app_cards/bin/cake.php:33
[17-Jun-2016 16:11:08 UTC] PHP   3. Cake\Console\ShellDispatcher->dispatch() /home/ubuntu/workspace/app_cards/vendor/cakephp/cakephp/src/Console/ShellDispatcher.php:127
[17-Jun-2016 16:11:08 UTC] PHP   4. Cake\Console\ShellDispatcher->_dispatch() /home/ubuntu/workspace/app_cards/vendor/cakephp/cakephp/src/Console/ShellDispatcher.php:181
[17-Jun-2016 16:11:08 UTC] PHP   5. Cake\Console\Shell->runCommand() /home/ubuntu/workspace/app_cards/vendor/cakephp/cakephp/src/Console/ShellDispatcher.php:217
[17-Jun-2016 16:11:08 UTC] PHP   6. Cake\Console\Shell->runCommand() /home/ubuntu/workspace/app_cards/vendor/cakephp/cakephp/src/Console/Shell.php:450
[17-Jun-2016 16:11:08 UTC] PHP   7. call_user_func_array:{/home/ubuntu/workspace/app_cards/vendor/cakephp/cakephp/src/Console/Shell.php:444}() /home/ubuntu/workspace/app_cards/vendor/cakephp/cakephp/src/Console/Shell.php:444
[17-Jun-2016 16:11:08 UTC] PHP   8. Bake\Shell\Task\ModelTask->all() /home/ubuntu/workspace/app_cards/vendor/cakephp/cakephp/src/Console/Shell.php:444
[17-Jun-2016 16:11:08 UTC] PHP   9. Bake\Shell\Task\ModelTask->main() /home/ubuntu/workspace/app_cards/vendor/cakephp/bake/src/Shell/Task/ModelTask.php:162
[17-Jun-2016 16:11:08 UTC] PHP  10. Bake\Shell\Task\ModelTask->bake() /home/ubuntu/workspace/app_cards/vendor/cakephp/bake/src/Shell/Task/ModelTask.php:96
[17-Jun-2016 16:11:08 UTC] PHP  11. Bake\Shell\Task\ModelTask->bakeTable() /home/ubuntu/workspace/app_cards/vendor/cakephp/bake/src/Shell/Task/ModelTask.php:110
[17-Jun-2016 16:11:22 UTC] PHP Parse error:  syntax error, unexpected 'Global' (T_GLOBAL), expecting identifier (T_STRING) in /home/ubuntu/workspace/app_cards/src/Model/Table/GlobalsTable.php on line 4
[17-Jun-2016 16:11:22 UTC] PHP Stack trace:
[17-Jun-2016 16:11:22 UTC] PHP   1. {main}() /home/ubuntu/workspace/app_cards/bin/cake.php:0
[17-Jun-2016 16:11:22 UTC] PHP   2. Cake\Console\ShellDispatcher::run() /home/ubuntu/workspace/app_cards/bin/cake.php:33
[17-Jun-2016 16:11:22 UTC] PHP   3. Cake\Console\ShellDispatcher->dispatch() /home/ubuntu/workspace/app_cards/vendor/cakephp/cakephp/src/Console/ShellDispatcher.php:127
[17-Jun-2016 16:11:22 UTC] PHP   4. Cake\Console\ShellDispatcher->_dispatch() /home/ubuntu/workspace/app_cards/vendor/cakephp/cakephp/src/Console/ShellDispatcher.php:181
[17-Jun-2016 16:11:22 UTC] PHP   5. Cake\Console\Shell->runCommand() /home/ubuntu/workspace/app_cards/vendor/cakephp/cakephp/src/Console/ShellDispatcher.php:217
[17-Jun-2016 16:11:22 UTC] PHP   6. Cake\Console\Shell->runCommand() /home/ubuntu/workspace/app_cards/vendor/cakephp/cakephp/src/Console/Shell.php:450
[17-Jun-2016 16:11:22 UTC] PHP   7. call_user_func_array:{/home/ubuntu/workspace/app_cards/vendor/cakephp/cakephp/src/Console/Shell.php:444}() /home/ubuntu/workspace/app_cards/vendor/cakephp/cakephp/src/Console/Shell.php:444
[17-Jun-2016 16:11:22 UTC] PHP   8. Bake\Shell\Task\ControllerTask->all() /home/ubuntu/workspace/app_cards/vendor/cakephp/cakephp/src/Console/Shell.php:444
[17-Jun-2016 16:11:22 UTC] PHP   9. Bake\Shell\Task\ControllerTask->main() /home/ubuntu/workspace/app_cards/vendor/cakephp/bake/src/Shell/Task/ControllerTask.php:78
[17-Jun-2016 16:11:22 UTC] PHP  10. Bake\Shell\Task\ControllerTask->bake() /home/ubuntu/workspace/app_cards/vendor/cakephp/bake/src/Shell/Task/ControllerTask.php:65
[17-Jun-2016 16:11:22 UTC] PHP  11. Bake\Shell\Task\ControllerTask->bakeTest() /home/ubuntu/workspace/app_cards/vendor/cakephp/bake/src/Shell/Task/ControllerTask.php:151
[17-Jun-2016 16:11:22 UTC] PHP  12. Bake\Shell\Task\TestTask->bake() /home/ubuntu/workspace/app_cards/vendor/cakephp/bake/src/Shell/Task/ControllerTask.php:202
[17-Jun-2016 16:11:22 UTC] PHP  13. Bake\Shell\Task\TestTask->generateFixtureList() /home/ubuntu/workspace/app_cards/vendor/cakephp/bake/src/Shell/Task/TestTask.php:225
[17-Jun-2016 16:11:22 UTC] PHP  14. Bake\Shell\Task\TestTask->_processController() /home/ubuntu/workspace/app_cards/vendor/cakephp/bake/src/Shell/Task/TestTask.php:410
[17-Jun-2016 16:11:22 UTC] PHP  15. Bake\Shell\Task\TestTask->_processModel() /home/ubuntu/workspace/app_cards/vendor/cakephp/bake/src/Shell/Task/TestTask.php:459
[17-Jun-2016 16:11:22 UTC] PHP  16. Bake\Shell\Task\TestTask->_processModel() /home/ubuntu/workspace/app_cards/vendor/cakephp/bake/src/Shell/Task/TestTask.php:436
[17-Jun-2016 16:11:22 UTC] PHP  17. Bake\Shell\Task\TestTask->_processModel() /home/ubuntu/workspace/app_cards/vendor/cakephp/bake/src/Shell/Task/TestTask.php:436
[17-Jun-2016 16:11:22 UTC] PHP  18. Cake\ORM\Association->target() /home/ubuntu/workspace/app_cards/vendor/cakephp/bake/src/Shell/Task/TestTask.php:427
[17-Jun-2016 16:11:22 UTC] PHP  19. Cake\ORM\Locator\TableLocator->get() /home/ubuntu/workspace/app_cards/vendor/cakephp/cakephp/src/ORM/Association.php:319
[17-Jun-2016 16:11:22 UTC] PHP  20. Cake\ORM\Locator\TableLocator->_getClassName() /home/ubuntu/workspace/app_cards/vendor/cakephp/cakephp/src/ORM/Locator/TableLocator.php:154
[17-Jun-2016 16:11:22 UTC] PHP  21. Cake\Core\App::className() /home/ubuntu/workspace/app_cards/vendor/cakephp/cakephp/src/ORM/Locator/TableLocator.php:196
[17-Jun-2016 16:11:22 UTC] PHP  22. Cake\Core\App::_classExistsInBase() /home/ubuntu/workspace/app_cards/vendor/cakephp/cakephp/src/Core/App.php:64
[17-Jun-2016 16:11:22 UTC] PHP  23. class_exists() /home/ubuntu/workspace/app_cards/vendor/cakephp/cakephp/src/Core/App.php:151
[17-Jun-2016 16:11:22 UTC] PHP  24. spl_autoload_call() /home/ubuntu/workspace/app_cards/vendor/cakephp/cakephp/src/Core/App.php:151
[17-Jun-2016 16:11:22 UTC] PHP  25. Composer\Autoload\ClassLoader->loadClass() /home/ubuntu/workspace/app_cards/vendor/cakephp/cakephp/src/Core/App.php:151
[17-Jun-2016 16:11:22 UTC] PHP  26. Composer\Autoload\includeFile() /home/ubuntu/workspace/app_cards/vendor/composer/ClassLoader.php:301
[17-Jun-2016 16:11:59 UTC] PHP Parse error:  syntax error, unexpected 'Global' (T_GLOBAL), expecting identifier (T_STRING) in /home/ubuntu/workspace/app_cards/src/Model/Table/GlobalsTable.php on line 4
[17-Jun-2016 16:11:59 UTC] PHP Stack trace:
[17-Jun-2016 16:11:59 UTC] PHP   1. {main}() /home/ubuntu/workspace/app_cards/bin/cake.php:0
[17-Jun-2016 16:11:59 UTC] PHP   2. Cake\Console\ShellDispatcher::run() /home/ubuntu/workspace/app_cards/bin/cake.php:33
[17-Jun-2016 16:11:59 UTC] PHP   3. Cake\Console\ShellDispatcher->dispatch() /home/ubuntu/workspace/app_cards/vendor/cakephp/cakephp/src/Console/ShellDispatcher.php:127
[17-Jun-2016 16:11:59 UTC] PHP   4. Cake\Console\ShellDispatcher->_dispatch() /home/ubuntu/workspace/app_cards/vendor/cakephp/cakephp/src/Console/ShellDispatcher.php:181
[17-Jun-2016 16:11:59 UTC] PHP   5. Cake\Console\Shell->runCommand() /home/ubuntu/workspace/app_cards/vendor/cakephp/cakephp/src/Console/ShellDispatcher.php:217
[17-Jun-2016 16:11:59 UTC] PHP   6. Cake\Console\Shell->runCommand() /home/ubuntu/workspace/app_cards/vendor/cakephp/cakephp/src/Console/Shell.php:450
[17-Jun-2016 16:11:59 UTC] PHP   7. call_user_func_array:{/home/ubuntu/workspace/app_cards/vendor/cakephp/cakephp/src/Console/Shell.php:444}() /home/ubuntu/workspace/app_cards/vendor/cakephp/cakephp/src/Console/Shell.php:444
[17-Jun-2016 16:11:59 UTC] PHP   8. Bake\Shell\Task\TemplateTask->all() /home/ubuntu/workspace/app_cards/vendor/cakephp/cakephp/src/Console/Shell.php:444
[17-Jun-2016 16:11:59 UTC] PHP   9. Bake\Shell\Task\TemplateTask->main() /home/ubuntu/workspace/app_cards/vendor/cakephp/bake/src/Shell/Task/TemplateTask.php:256
[17-Jun-2016 16:11:59 UTC] PHP  10. Bake\Shell\Task\TemplateTask->_loadController() /home/ubuntu/workspace/app_cards/vendor/cakephp/bake/src/Shell/Task/TemplateTask.php:147
[17-Jun-2016 16:11:59 UTC] PHP  11. Bake\Shell\Task\TemplateTask->_filteredAssociations() /home/ubuntu/workspace/app_cards/vendor/cakephp/bake/src/Shell/Task/TemplateTask.php:295
[17-Jun-2016 16:11:59 UTC] PHP  12. Bake\Utility\Model\AssociationFilter->filterAssociations() /home/ubuntu/workspace/app_cards/vendor/cakephp/bake/src/Shell/Task/TemplateTask.php:465
[17-Jun-2016 16:11:59 UTC] PHP  13. Cake\ORM\Association->target() /home/ubuntu/workspace/app_cards/vendor/cakephp/bake/src/Utility/Model/AssociationFilter.php:71
[17-Jun-2016 16:11:59 UTC] PHP  14. Cake\ORM\Locator\TableLocator->get() /home/ubuntu/workspace/app_cards/vendor/cakephp/cakephp/src/ORM/Association.php:319
[17-Jun-2016 16:11:59 UTC] PHP  15. Cake\ORM\Locator\TableLocator->_getClassName() /home/ubuntu/workspace/app_cards/vendor/cakephp/cakephp/src/ORM/Locator/TableLocator.php:154
[17-Jun-2016 16:11:59 UTC] PHP  16. Cake\Core\App::className() /home/ubuntu/workspace/app_cards/vendor/cakephp/cakephp/src/ORM/Locator/TableLocator.php:196
[17-Jun-2016 16:11:59 UTC] PHP  17. Cake\Core\App::_classExistsInBase() /home/ubuntu/workspace/app_cards/vendor/cakephp/cakephp/src/Core/App.php:64
[17-Jun-2016 16:11:59 UTC] PHP  18. class_exists() /home/ubuntu/workspace/app_cards/vendor/cakephp/cakephp/src/Core/App.php:151
[17-Jun-2016 16:11:59 UTC] PHP  19. spl_autoload_call() /home/ubuntu/workspace/app_cards/vendor/cakephp/cakephp/src/Core/App.php:151
[17-Jun-2016 16:11:59 UTC] PHP  20. Composer\Autoload\ClassLoader->loadClass() /home/ubuntu/workspace/app_cards/vendor/cakephp/cakephp/src/Core/App.php:151
[17-Jun-2016 16:11:59 UTC] PHP  21. Composer\Autoload\includeFile() /home/ubuntu/workspace/app_cards/vendor/composer/ClassLoader.php:301
[17-Jun-2016 16:16:59 UTC] PHP Parse error:  syntax error, unexpected 'Global' (T_GLOBAL), expecting identifier (T_STRING) in /home/ubuntu/workspace/app_cards/src/Model/Table/GlobalsTable.php on line 4
[17-Jun-2016 16:16:59 UTC] PHP Stack trace:
[17-Jun-2016 16:16:59 UTC] PHP   1. {main}() /home/ubuntu/workspace/app_cards/bin/cake.php:0
[17-Jun-2016 16:16:59 UTC] PHP   2. Cake\Console\ShellDispatcher::run() /home/ubuntu/workspace/app_cards/bin/cake.php:33
[17-Jun-2016 16:16:59 UTC] PHP   3. Cake\Console\ShellDispatcher->dispatch() /home/ubuntu/workspace/app_cards/vendor/cakephp/cakephp/src/Console/ShellDispatcher.php:127
[17-Jun-2016 16:16:59 UTC] PHP   4. Cake\Console\ShellDispatcher->_dispatch() /home/ubuntu/workspace/app_cards/vendor/cakephp/cakephp/src/Console/ShellDispatcher.php:181
[17-Jun-2016 16:16:59 UTC] PHP   5. Cake\Console\Shell->runCommand() /home/ubuntu/workspace/app_cards/vendor/cakephp/cakephp/src/Console/ShellDispatcher.php:217
[17-Jun-2016 16:16:59 UTC] PHP   6. call_user_func_array:{/home/ubuntu/workspace/app_cards/vendor/cakephp/cakephp/src/Console/Shell.php:444}() /home/ubuntu/workspace/app_cards/vendor/cakephp/cakephp/src/Console/Shell.php:444
[17-Jun-2016 16:16:59 UTC] PHP   7. Bake\Shell\BakeShell->all() /home/ubuntu/workspace/app_cards/vendor/cakephp/cakephp/src/Console/Shell.php:444
[17-Jun-2016 16:16:59 UTC] PHP   8. Cake\Collection\Collection->each() /home/ubuntu/workspace/app_cards/vendor/cakephp/bake/src/Shell/BakeShell.php:253
[17-Jun-2016 16:16:59 UTC] PHP   9. Bake\Shell\BakeShell->Bake\Shell\{closure}() /home/ubuntu/workspace/app_cards/vendor/cakephp/cakephp/src/Collection/CollectionTrait.php:51
[17-Jun-2016 16:16:59 UTC] PHP  10. Bake\Shell\Task\ModelTask->main() /home/ubuntu/workspace/app_cards/vendor/cakephp/bake/src/Shell/BakeShell.php:250
[17-Jun-2016 16:16:59 UTC] PHP  11. Bake\Shell\Task\ModelTask->bake() /home/ubuntu/workspace/app_cards/vendor/cakephp/bake/src/Shell/Task/ModelTask.php:96
[17-Jun-2016 16:16:59 UTC] PHP  12. Bake\Shell\Task\ModelTask->getTableContext() /home/ubuntu/workspace/app_cards/vendor/cakephp/bake/src/Shell/Task/ModelTask.php:109
[17-Jun-2016 16:16:59 UTC] PHP  13. Bake\Shell\Task\ModelTask->getAssociations() /home/ubuntu/workspace/app_cards/vendor/cakephp/bake/src/Shell/Task/ModelTask.php:124
[17-Jun-2016 16:16:59 UTC] PHP  14. Bake\Shell\Task\ModelTask->findHasMany() /home/ubuntu/workspace/app_cards/vendor/cakephp/bake/src/Shell/Task/ModelTask.php:216
[17-Jun-2016 16:16:59 UTC] PHP  15. Bake\Shell\Task\ModelTask->getTableObject() /home/ubuntu/workspace/app_cards/vendor/cakephp/bake/src/Shell/Task/ModelTask.php:335
[17-Jun-2016 16:16:59 UTC] PHP  16. Cake\ORM\TableRegistry::get() /home/ubuntu/workspace/app_cards/vendor/cakephp/bake/src/Shell/Task/ModelTask.php:182
[17-Jun-2016 16:16:59 UTC] PHP  17. Cake\ORM\Locator\TableLocator->get() /home/ubuntu/workspace/app_cards/vendor/cakephp/cakephp/src/ORM/TableRegistry.php:111
[17-Jun-2016 16:16:59 UTC] PHP  18. Cake\ORM\Locator\TableLocator->_getClassName() /home/ubuntu/workspace/app_cards/vendor/cakephp/cakephp/src/ORM/Locator/TableLocator.php:154
[17-Jun-2016 16:16:59 UTC] PHP  19. Cake\Core\App::className() /home/ubuntu/workspace/app_cards/vendor/cakephp/cakephp/src/ORM/Locator/TableLocator.php:196
[17-Jun-2016 16:16:59 UTC] PHP  20. Cake\Core\App::_classExistsInBase() /home/ubuntu/workspace/app_cards/vendor/cakephp/cakephp/src/Core/App.php:64
[17-Jun-2016 16:16:59 UTC] PHP  21. class_exists() /home/ubuntu/workspace/app_cards/vendor/cakephp/cakephp/src/Core/App.php:151
[17-Jun-2016 16:16:59 UTC] PHP  22. spl_autoload_call() /home/ubuntu/workspace/app_cards/vendor/cakephp/cakephp/src/Core/App.php:151
[17-Jun-2016 16:16:59 UTC] PHP  23. Composer\Autoload\ClassLoader->loadClass() /home/ubuntu/workspace/app_cards/vendor/cakephp/cakephp/src/Core/App.php:151
[17-Jun-2016 16:16:59 UTC] PHP  24. Composer\Autoload\includeFile() /home/ubuntu/workspace/app_cards/vendor/composer/ClassLoader.php:301
[17-Jun-2016 16:20:50 UTC] PHP Parse error:  syntax error, unexpected 'Global' (T_GLOBAL), expecting identifier (T_STRING) in /home/ubuntu/workspace/app_cards/src/Model/Table/GlobalsTable.php on line 4
[17-Jun-2016 16:20:50 UTC] PHP Stack trace:
[17-Jun-2016 16:20:50 UTC] PHP   1. {main}() /home/ubuntu/workspace/app_cards/bin/cake.php:0
[17-Jun-2016 16:20:50 UTC] PHP   2. Cake\Console\ShellDispatcher::run() /home/ubuntu/workspace/app_cards/bin/cake.php:33
[17-Jun-2016 16:20:50 UTC] PHP   3. Cake\Console\ShellDispatcher->dispatch() /home/ubuntu/workspace/app_cards/vendor/cakephp/cakephp/src/Console/ShellDispatcher.php:127
[17-Jun-2016 16:20:50 UTC] PHP   4. Cake\Console\ShellDispatcher->_dispatch() /home/ubuntu/workspace/app_cards/vendor/cakephp/cakephp/src/Console/ShellDispatcher.php:181
[17-Jun-2016 16:20:50 UTC] PHP   5. Cake\Console\Shell->runCommand() /home/ubuntu/workspace/app_cards/vendor/cakephp/cakephp/src/Console/ShellDispatcher.php:217
[17-Jun-2016 16:20:50 UTC] PHP   6. call_user_func_array:{/home/ubuntu/workspace/app_cards/vendor/cakephp/cakephp/src/Console/Shell.php:444}() /home/ubuntu/workspace/app_cards/vendor/cakephp/cakephp/src/Console/Shell.php:444
[17-Jun-2016 16:20:50 UTC] PHP   7. Bake\Shell\BakeShell->all() /home/ubuntu/workspace/app_cards/vendor/cakephp/cakephp/src/Console/Shell.php:444
[17-Jun-2016 16:20:50 UTC] PHP   8. Cake\Collection\Collection->each() /home/ubuntu/workspace/app_cards/vendor/cakephp/bake/src/Shell/BakeShell.php:253
[17-Jun-2016 16:20:50 UTC] PHP   9. Bake\Shell\BakeShell->Bake\Shell\{closure}() /home/ubuntu/workspace/app_cards/vendor/cakephp/cakephp/src/Collection/CollectionTrait.php:51
[17-Jun-2016 16:20:50 UTC] PHP  10. Bake\Shell\Task\ModelTask->main() /home/ubuntu/workspace/app_cards/vendor/cakephp/bake/src/Shell/BakeShell.php:250
[17-Jun-2016 16:20:50 UTC] PHP  11. Bake\Shell\Task\ModelTask->bake() /home/ubuntu/workspace/app_cards/vendor/cakephp/bake/src/Shell/Task/ModelTask.php:96
[17-Jun-2016 16:20:50 UTC] PHP  12. Bake\Shell\Task\ModelTask->getTableContext() /home/ubuntu/workspace/app_cards/vendor/cakephp/bake/src/Shell/Task/ModelTask.php:109
[17-Jun-2016 16:20:50 UTC] PHP  13. Bake\Shell\Task\ModelTask->getAssociations() /home/ubuntu/workspace/app_cards/vendor/cakephp/bake/src/Shell/Task/ModelTask.php:124
[17-Jun-2016 16:20:50 UTC] PHP  14. Bake\Shell\Task\ModelTask->findHasMany() /home/ubuntu/workspace/app_cards/vendor/cakephp/bake/src/Shell/Task/ModelTask.php:216
[17-Jun-2016 16:20:50 UTC] PHP  15. Bake\Shell\Task\ModelTask->getTableObject() /home/ubuntu/workspace/app_cards/vendor/cakephp/bake/src/Shell/Task/ModelTask.php:335
[17-Jun-2016 16:20:50 UTC] PHP  16. Cake\ORM\TableRegistry::get() /home/ubuntu/workspace/app_cards/vendor/cakephp/bake/src/Shell/Task/ModelTask.php:182
[17-Jun-2016 16:20:50 UTC] PHP  17. Cake\ORM\Locator\TableLocator->get() /home/ubuntu/workspace/app_cards/vendor/cakephp/cakephp/src/ORM/TableRegistry.php:111
[17-Jun-2016 16:20:50 UTC] PHP  18. Cake\ORM\Locator\TableLocator->_getClassName() /home/ubuntu/workspace/app_cards/vendor/cakephp/cakephp/src/ORM/Locator/TableLocator.php:154
[17-Jun-2016 16:20:50 UTC] PHP  19. Cake\Core\App::className() /home/ubuntu/workspace/app_cards/vendor/cakephp/cakephp/src/ORM/Locator/TableLocator.php:196
[17-Jun-2016 16:20:50 UTC] PHP  20. Cake\Core\App::_classExistsInBase() /home/ubuntu/workspace/app_cards/vendor/cakephp/cakephp/src/Core/App.php:64
[17-Jun-2016 16:20:50 UTC] PHP  21. class_exists() /home/ubuntu/workspace/app_cards/vendor/cakephp/cakephp/src/Core/App.php:151
[17-Jun-2016 16:20:50 UTC] PHP  22. spl_autoload_call() /home/ubuntu/workspace/app_cards/vendor/cakephp/cakephp/src/Core/App.php:151
[17-Jun-2016 16:20:50 UTC] PHP  23. Composer\Autoload\ClassLoader->loadClass() /home/ubuntu/workspace/app_cards/vendor/cakephp/cakephp/src/Core/App.php:151
[17-Jun-2016 16:20:50 UTC] PHP  24. Composer\Autoload\includeFile() /home/ubuntu/workspace/app_cards/vendor/composer/ClassLoader.php:301
[17-Jun-2016 16:25:06 UTC] PHP Parse error:  syntax error, unexpected 'Global' (T_GLOBAL), expecting identifier (T_STRING) in /home/ubuntu/workspace/app_cards/src/Model/Table/GlobalsTable.php on line 4
[17-Jun-2016 16:25:06 UTC] PHP Stack trace:
[17-Jun-2016 16:25:06 UTC] PHP   1. {main}() /home/ubuntu/workspace/app_cards/bin/cake.php:0
[17-Jun-2016 16:25:06 UTC] PHP   2. Cake\Console\ShellDispatcher::run() /home/ubuntu/workspace/app_cards/bin/cake.php:33
[17-Jun-2016 16:25:06 UTC] PHP   3. Cake\Console\ShellDispatcher->dispatch() /home/ubuntu/workspace/app_cards/vendor/cakephp/cakephp/src/Console/ShellDispatcher.php:127
[17-Jun-2016 16:25:06 UTC] PHP   4. Cake\Console\ShellDispatcher->_dispatch() /home/ubuntu/workspace/app_cards/vendor/cakephp/cakephp/src/Console/ShellDispatcher.php:181
[17-Jun-2016 16:25:06 UTC] PHP   5. Cake\Console\Shell->runCommand() /home/ubuntu/workspace/app_cards/vendor/cakephp/cakephp/src/Console/ShellDispatcher.php:217
[17-Jun-2016 16:25:06 UTC] PHP   6. call_user_func_array:{/home/ubuntu/workspace/app_cards/vendor/cakephp/cakephp/src/Console/Shell.php:444}() /home/ubuntu/workspace/app_cards/vendor/cakephp/cakephp/src/Console/Shell.php:444
[17-Jun-2016 16:25:06 UTC] PHP   7. Bake\Shell\BakeShell->all() /home/ubuntu/workspace/app_cards/vendor/cakephp/cakephp/src/Console/Shell.php:444
[17-Jun-2016 16:25:06 UTC] PHP   8. Cake\Collection\Collection->each() /home/ubuntu/workspace/app_cards/vendor/cakephp/bake/src/Shell/BakeShell.php:253
[17-Jun-2016 16:25:06 UTC] PHP   9. Bake\Shell\BakeShell->Bake\Shell\{closure}() /home/ubuntu/workspace/app_cards/vendor/cakephp/cakephp/src/Collection/CollectionTrait.php:51
[17-Jun-2016 16:25:06 UTC] PHP  10. Bake\Shell\Task\ModelTask->main() /home/ubuntu/workspace/app_cards/vendor/cakephp/bake/src/Shell/BakeShell.php:250
[17-Jun-2016 16:25:06 UTC] PHP  11. Bake\Shell\Task\ModelTask->bake() /home/ubuntu/workspace/app_cards/vendor/cakephp/bake/src/Shell/Task/ModelTask.php:96
[17-Jun-2016 16:25:06 UTC] PHP  12. Bake\Shell\Task\ModelTask->bakeTable() /home/ubuntu/workspace/app_cards/vendor/cakephp/bake/src/Shell/Task/ModelTask.php:110
[17-Jun-2016 16:25:34 UTC] PHP Parse error:  syntax error, unexpected 'Global' (T_GLOBAL), expecting identifier (T_STRING) in /home/ubuntu/workspace/app_cards/src/Model/Table/GlobalsTable.php on line 4
[17-Jun-2016 16:25:34 UTC] PHP Stack trace:
[17-Jun-2016 16:25:34 UTC] PHP   1. {main}() /home/ubuntu/workspace/app_cards/bin/cake.php:0
[17-Jun-2016 16:25:34 UTC] PHP   2. Cake\Console\ShellDispatcher::run() /home/ubuntu/workspace/app_cards/bin/cake.php:33
[17-Jun-2016 16:25:34 UTC] PHP   3. Cake\Console\ShellDispatcher->dispatch() /home/ubuntu/workspace/app_cards/vendor/cakephp/cakephp/src/Console/ShellDispatcher.php:127
[17-Jun-2016 16:25:34 UTC] PHP   4. Cake\Console\ShellDispatcher->_dispatch() /home/ubuntu/workspace/app_cards/vendor/cakephp/cakephp/src/Console/ShellDispatcher.php:181
[17-Jun-2016 16:25:34 UTC] PHP   5. Cake\Console\Shell->runCommand() /home/ubuntu/workspace/app_cards/vendor/cakephp/cakephp/src/Console/ShellDispatcher.php:217
[17-Jun-2016 16:25:34 UTC] PHP   6. call_user_func_array:{/home/ubuntu/workspace/app_cards/vendor/cakephp/cakephp/src/Console/Shell.php:444}() /home/ubuntu/workspace/app_cards/vendor/cakephp/cakephp/src/Console/Shell.php:444
[17-Jun-2016 16:25:34 UTC] PHP   7. Bake\Shell\BakeShell->all() /home/ubuntu/workspace/app_cards/vendor/cakephp/cakephp/src/Console/Shell.php:444
[17-Jun-2016 16:25:34 UTC] PHP   8. Cake\Collection\Collection->each() /home/ubuntu/workspace/app_cards/vendor/cakephp/bake/src/Shell/BakeShell.php:253
[17-Jun-2016 16:25:34 UTC] PHP   9. Bake\Shell\BakeShell->Bake\Shell\{closure}() /home/ubuntu/workspace/app_cards/vendor/cakephp/cakephp/src/Collection/CollectionTrait.php:51
[17-Jun-2016 16:25:34 UTC] PHP  10. Bake\Shell\Task\ModelTask->main() /home/ubuntu/workspace/app_cards/vendor/cakephp/bake/src/Shell/BakeShell.php:250
[17-Jun-2016 16:25:34 UTC] PHP  11. Bake\Shell\Task\ModelTask->bake() /home/ubuntu/workspace/app_cards/vendor/cakephp/bake/src/Shell/Task/ModelTask.php:96
[17-Jun-2016 16:25:34 UTC] PHP  12. Bake\Shell\Task\ModelTask->getTableContext() /home/ubuntu/workspace/app_cards/vendor/cakephp/bake/src/Shell/Task/ModelTask.php:109
[17-Jun-2016 16:25:34 UTC] PHP  13. Bake\Shell\Task\ModelTask->getAssociations() /home/ubuntu/workspace/app_cards/vendor/cakephp/bake/src/Shell/Task/ModelTask.php:124
[17-Jun-2016 16:25:34 UTC] PHP  14. Bake\Shell\Task\ModelTask->findHasMany() /home/ubuntu/workspace/app_cards/vendor/cakephp/bake/src/Shell/Task/ModelTask.php:216
[17-Jun-2016 16:25:34 UTC] PHP  15. Bake\Shell\Task\ModelTask->getTableObject() /home/ubuntu/workspace/app_cards/vendor/cakephp/bake/src/Shell/Task/ModelTask.php:335
[17-Jun-2016 16:25:34 UTC] PHP  16. Cake\ORM\TableRegistry::get() /home/ubuntu/workspace/app_cards/vendor/cakephp/bake/src/Shell/Task/ModelTask.php:182
[17-Jun-2016 16:25:34 UTC] PHP  17. Cake\ORM\Locator\TableLocator->get() /home/ubuntu/workspace/app_cards/vendor/cakephp/cakephp/src/ORM/TableRegistry.php:111
[17-Jun-2016 16:25:34 UTC] PHP  18. Cake\ORM\Locator\TableLocator->_getClassName() /home/ubuntu/workspace/app_cards/vendor/cakephp/cakephp/src/ORM/Locator/TableLocator.php:154
[17-Jun-2016 16:25:34 UTC] PHP  19. Cake\Core\App::className() /home/ubuntu/workspace/app_cards/vendor/cakephp/cakephp/src/ORM/Locator/TableLocator.php:196
[17-Jun-2016 16:25:34 UTC] PHP  20. Cake\Core\App::_classExistsInBase() /home/ubuntu/workspace/app_cards/vendor/cakephp/cakephp/src/Core/App.php:64
[17-Jun-2016 16:25:34 UTC] PHP  21. class_exists() /home/ubuntu/workspace/app_cards/vendor/cakephp/cakephp/src/Core/App.php:151
[17-Jun-2016 16:25:34 UTC] PHP  22. spl_autoload_call() /home/ubuntu/workspace/app_cards/vendor/cakephp/cakephp/src/Core/App.php:151
[17-Jun-2016 16:25:34 UTC] PHP  23. Composer\Autoload\ClassLoader->loadClass() /home/ubuntu/workspace/app_cards/vendor/cakephp/cakephp/src/Core/App.php:151
[17-Jun-2016 16:25:34 UTC] PHP  24. Composer\Autoload\includeFile() /home/ubuntu/workspace/app_cards/vendor/composer/ClassLoader.php:301
[17-Jun-2016 16:28:49 UTC] PHP Parse error:  syntax error, unexpected 'Global' (T_GLOBAL), expecting identifier (T_STRING) in /home/ubuntu/workspace/app_cards/src/Model/Table/GlobalsTable.php on line 4
[17-Jun-2016 16:28:49 UTC] PHP Stack trace:
[17-Jun-2016 16:28:49 UTC] PHP   1. {main}() /home/ubuntu/workspace/app_cards/bin/cake.php:0
[17-Jun-2016 16:28:49 UTC] PHP   2. Cake\Console\ShellDispatcher::run() /home/ubuntu/workspace/app_cards/bin/cake.php:33
[17-Jun-2016 16:28:49 UTC] PHP   3. Cake\Console\ShellDispatcher->dispatch() /home/ubuntu/workspace/app_cards/vendor/cakephp/cakephp/src/Console/ShellDispatcher.php:127
[17-Jun-2016 16:28:49 UTC] PHP   4. Cake\Console\ShellDispatcher->_dispatch() /home/ubuntu/workspace/app_cards/vendor/cakephp/cakephp/src/Console/ShellDispatcher.php:181
[17-Jun-2016 16:28:49 UTC] PHP   5. Cake\Console\Shell->runCommand() /home/ubuntu/workspace/app_cards/vendor/cakephp/cakephp/src/Console/ShellDispatcher.php:217
[17-Jun-2016 16:28:49 UTC] PHP   6. call_user_func_array:{/home/ubuntu/workspace/app_cards/vendor/cakephp/cakephp/src/Console/Shell.php:444}() /home/ubuntu/workspace/app_cards/vendor/cakephp/cakephp/src/Console/Shell.php:444
[17-Jun-2016 16:28:49 UTC] PHP   7. Bake\Shell\BakeShell->all() /home/ubuntu/workspace/app_cards/vendor/cakephp/cakephp/src/Console/Shell.php:444
[17-Jun-2016 16:28:49 UTC] PHP   8. Cake\Collection\Collection->each() /home/ubuntu/workspace/app_cards/vendor/cakephp/bake/src/Shell/BakeShell.php:253
[17-Jun-2016 16:28:49 UTC] PHP   9. Bake\Shell\BakeShell->Bake\Shell\{closure}() /home/ubuntu/workspace/app_cards/vendor/cakephp/cakephp/src/Collection/CollectionTrait.php:51
[17-Jun-2016 16:28:49 UTC] PHP  10. Bake\Shell\Task\ModelTask->main() /home/ubuntu/workspace/app_cards/vendor/cakephp/bake/src/Shell/BakeShell.php:250
[17-Jun-2016 16:28:49 UTC] PHP  11. Bake\Shell\Task\ModelTask->bake() /home/ubuntu/workspace/app_cards/vendor/cakephp/bake/src/Shell/Task/ModelTask.php:96
[17-Jun-2016 16:28:49 UTC] PHP  12. Bake\Shell\Task\ModelTask->bakeTable() /home/ubuntu/workspace/app_cards/vendor/cakephp/bake/src/Shell/Task/ModelTask.php:110
[17-Jun-2016 16:34:15 UTC] PHP Parse error:  syntax error, unexpected 'Global' (T_GLOBAL), expecting identifier (T_STRING) in /home/ubuntu/workspace/app_cards/src/Model/Table/GlobalsTable.php on line 4
[17-Jun-2016 16:34:15 UTC] PHP Stack trace:
[17-Jun-2016 16:34:15 UTC] PHP   1. {main}() /home/ubuntu/workspace/app_cards/bin/cake.php:0
[17-Jun-2016 16:34:15 UTC] PHP   2. Cake\Console\ShellDispatcher::run() /home/ubuntu/workspace/app_cards/bin/cake.php:33
[17-Jun-2016 16:34:15 UTC] PHP   3. Cake\Console\ShellDispatcher->dispatch() /home/ubuntu/workspace/app_cards/vendor/cakephp/cakephp/src/Console/ShellDispatcher.php:127
[17-Jun-2016 16:34:15 UTC] PHP   4. Cake\Console\ShellDispatcher->_dispatch() /home/ubuntu/workspace/app_cards/vendor/cakephp/cakephp/src/Console/ShellDispatcher.php:181
[17-Jun-2016 16:34:15 UTC] PHP   5. Cake\Console\Shell->runCommand() /home/ubuntu/workspace/app_cards/vendor/cakephp/cakephp/src/Console/ShellDispatcher.php:217
[17-Jun-2016 16:34:15 UTC] PHP   6. call_user_func_array:{/home/ubuntu/workspace/app_cards/vendor/cakephp/cakephp/src/Console/Shell.php:444}() /home/ubuntu/workspace/app_cards/vendor/cakephp/cakephp/src/Console/Shell.php:444
[17-Jun-2016 16:34:15 UTC] PHP   7. Bake\Shell\BakeShell->all() /home/ubuntu/workspace/app_cards/vendor/cakephp/cakephp/src/Console/Shell.php:444
[17-Jun-2016 16:34:15 UTC] PHP   8. Cake\Collection\Collection->each() /home/ubuntu/workspace/app_cards/vendor/cakephp/bake/src/Shell/BakeShell.php:253
[17-Jun-2016 16:34:15 UTC] PHP   9. Bake\Shell\BakeShell->Bake\Shell\{closure}() /home/ubuntu/workspace/app_cards/vendor/cakephp/cakephp/src/Collection/CollectionTrait.php:51
[17-Jun-2016 16:34:15 UTC] PHP  10. Bake\Shell\Task\ModelTask->main() /home/ubuntu/workspace/app_cards/vendor/cakephp/bake/src/Shell/BakeShell.php:250
[17-Jun-2016 16:34:15 UTC] PHP  11. Bake\Shell\Task\ModelTask->bake() /home/ubuntu/workspace/app_cards/vendor/cakephp/bake/src/Shell/Task/ModelTask.php:96
[17-Jun-2016 16:34:15 UTC] PHP  12. Bake\Shell\Task\ModelTask->bakeTest() /home/ubuntu/workspace/app_cards/vendor/cakephp/bake/src/Shell/Task/ModelTask.php:113
[17-Jun-2016 16:34:15 UTC] PHP  13. Bake\Shell\Task\TestTask->bake() /home/ubuntu/workspace/app_cards/vendor/cakephp/bake/src/Shell/Task/ModelTask.php:1037
[17-Jun-2016 16:34:15 UTC] PHP  14. Bake\Shell\Task\TestTask->generateFixtureList() /home/ubuntu/workspace/app_cards/vendor/cakephp/bake/src/Shell/Task/TestTask.php:225
[17-Jun-2016 16:34:15 UTC] PHP  15. Bake\Shell\Task\TestTask->_processModel() /home/ubuntu/workspace/app_cards/vendor/cakephp/bake/src/Shell/Task/TestTask.php:408
[17-Jun-2016 16:34:15 UTC] PHP  16. Bake\Shell\Task\TestTask->_processModel() /home/ubuntu/workspace/app_cards/vendor/cakephp/bake/src/Shell/Task/TestTask.php:436
[17-Jun-2016 16:34:15 UTC] PHP  17. Cake\ORM\Association->target() /home/ubuntu/workspace/app_cards/vendor/cakephp/bake/src/Shell/Task/TestTask.php:427
[17-Jun-2016 16:34:15 UTC] PHP  18. Cake\ORM\Locator\TableLocator->get() /home/ubuntu/workspace/app_cards/vendor/cakephp/cakephp/src/ORM/Association.php:319
[17-Jun-2016 16:34:15 UTC] PHP  19. Cake\ORM\Locator\TableLocator->_getClassName() /home/ubuntu/workspace/app_cards/vendor/cakephp/cakephp/src/ORM/Locator/TableLocator.php:154
[17-Jun-2016 16:34:15 UTC] PHP  20. Cake\Core\App::className() /home/ubuntu/workspace/app_cards/vendor/cakephp/cakephp/src/ORM/Locator/TableLocator.php:196
[17-Jun-2016 16:34:15 UTC] PHP  21. Cake\Core\App::_classExistsInBase() /home/ubuntu/workspace/app_cards/vendor/cakephp/cakephp/src/Core/App.php:64
[17-Jun-2016 16:34:15 UTC] PHP  22. class_exists() /home/ubuntu/workspace/app_cards/vendor/cakephp/cakephp/src/Core/App.php:151
[17-Jun-2016 16:34:15 UTC] PHP  23. spl_autoload_call() /home/ubuntu/workspace/app_cards/vendor/cakephp/cakephp/src/Core/App.php:151
[17-Jun-2016 16:34:15 UTC] PHP  24. Composer\Autoload\ClassLoader->loadClass() /home/ubuntu/workspace/app_cards/vendor/cakephp/cakephp/src/Core/App.php:151
[17-Jun-2016 16:34:15 UTC] PHP  25. Composer\Autoload\includeFile() /home/ubuntu/workspace/app_cards/vendor/composer/ClassLoader.php:301
[17-Jun-2016 16:35:18 UTC] PHP Parse error:  syntax error, unexpected 'Global' (T_GLOBAL), expecting identifier (T_STRING) in /home/ubuntu/workspace/app_cards/src/Model/Table/GlobalsTable.php on line 4
[17-Jun-2016 16:35:18 UTC] PHP Stack trace:
[17-Jun-2016 16:35:18 UTC] PHP   1. {main}() /home/ubuntu/workspace/app_cards/bin/cake.php:0
[17-Jun-2016 16:35:18 UTC] PHP   2. Cake\Console\ShellDispatcher::run() /home/ubuntu/workspace/app_cards/bin/cake.php:33
[17-Jun-2016 16:35:18 UTC] PHP   3. Cake\Console\ShellDispatcher->dispatch() /home/ubuntu/workspace/app_cards/vendor/cakephp/cakephp/src/Console/ShellDispatcher.php:127
[17-Jun-2016 16:35:18 UTC] PHP   4. Cake\Console\ShellDispatcher->_dispatch() /home/ubuntu/workspace/app_cards/vendor/cakephp/cakephp/src/Console/ShellDispatcher.php:181
[17-Jun-2016 16:35:18 UTC] PHP   5. Cake\Console\Shell->runCommand() /home/ubuntu/workspace/app_cards/vendor/cakephp/cakephp/src/Console/ShellDispatcher.php:217
[17-Jun-2016 16:35:18 UTC] PHP   6. call_user_func_array:{/home/ubuntu/workspace/app_cards/vendor/cakephp/cakephp/src/Console/Shell.php:444}() /home/ubuntu/workspace/app_cards/vendor/cakephp/cakephp/src/Console/Shell.php:444
[17-Jun-2016 16:35:18 UTC] PHP   7. Bake\Shell\BakeShell->all() /home/ubuntu/workspace/app_cards/vendor/cakephp/cakephp/src/Console/Shell.php:444
[17-Jun-2016 16:35:18 UTC] PHP   8. Cake\Collection\Collection->each() /home/ubuntu/workspace/app_cards/vendor/cakephp/bake/src/Shell/BakeShell.php:253
[17-Jun-2016 16:35:18 UTC] PHP   9. Bake\Shell\BakeShell->Bake\Shell\{closure}() /home/ubuntu/workspace/app_cards/vendor/cakephp/cakephp/src/Collection/CollectionTrait.php:51
[17-Jun-2016 16:35:18 UTC] PHP  10. Bake\Shell\Task\ModelTask->main() /home/ubuntu/workspace/app_cards/vendor/cakephp/bake/src/Shell/BakeShell.php:250
[17-Jun-2016 16:35:18 UTC] PHP  11. Bake\Shell\Task\ModelTask->bake() /home/ubuntu/workspace/app_cards/vendor/cakephp/bake/src/Shell/Task/ModelTask.php:96
[17-Jun-2016 16:35:18 UTC] PHP  12. Bake\Shell\Task\ModelTask->bakeTest() /home/ubuntu/workspace/app_cards/vendor/cakephp/bake/src/Shell/Task/ModelTask.php:113
[17-Jun-2016 16:35:18 UTC] PHP  13. Bake\Shell\Task\TestTask->bake() /home/ubuntu/workspace/app_cards/vendor/cakephp/bake/src/Shell/Task/ModelTask.php:1037
[17-Jun-2016 16:35:18 UTC] PHP  14. Bake\Shell\Task\TestTask->generateFixtureList() /home/ubuntu/workspace/app_cards/vendor/cakephp/bake/src/Shell/Task/TestTask.php:225
[17-Jun-2016 16:35:18 UTC] PHP  15. Bake\Shell\Task\TestTask->_processModel() /home/ubuntu/workspace/app_cards/vendor/cakephp/bake/src/Shell/Task/TestTask.php:408
[17-Jun-2016 16:35:18 UTC] PHP  16. Bake\Shell\Task\TestTask->_processModel() /home/ubuntu/workspace/app_cards/vendor/cakephp/bake/src/Shell/Task/TestTask.php:436
[17-Jun-2016 16:35:18 UTC] PHP  17. Cake\ORM\Association->target() /home/ubuntu/workspace/app_cards/vendor/cakephp/bake/src/Shell/Task/TestTask.php:427
[17-Jun-2016 16:35:18 UTC] PHP  18. Cake\ORM\Locator\TableLocator->get() /home/ubuntu/workspace/app_cards/vendor/cakephp/cakephp/src/ORM/Association.php:319
[17-Jun-2016 16:35:18 UTC] PHP  19. Cake\ORM\Locator\TableLocator->_getClassName() /home/ubuntu/workspace/app_cards/vendor/cakephp/cakephp/src/ORM/Locator/TableLocator.php:154
[17-Jun-2016 16:35:18 UTC] PHP  20. Cake\Core\App::className() /home/ubuntu/workspace/app_cards/vendor/cakephp/cakephp/src/ORM/Locator/TableLocator.php:196
[17-Jun-2016 16:35:18 UTC] PHP  21. Cake\Core\App::_classExistsInBase() /home/ubuntu/workspace/app_cards/vendor/cakephp/cakephp/src/Core/App.php:64
[17-Jun-2016 16:35:18 UTC] PHP  22. class_exists() /home/ubuntu/workspace/app_cards/vendor/cakephp/cakephp/src/Core/App.php:151
[17-Jun-2016 16:35:18 UTC] PHP  23. spl_autoload_call() /home/ubuntu/workspace/app_cards/vendor/cakephp/cakephp/src/Core/App.php:151
[17-Jun-2016 16:35:18 UTC] PHP  24. Composer\Autoload\ClassLoader->loadClass() /home/ubuntu/workspace/app_cards/vendor/cakephp/cakephp/src/Core/App.php:151
[17-Jun-2016 16:35:18 UTC] PHP  25. Composer\Autoload\includeFile() /home/ubuntu/workspace/app_cards/vendor/composer/ClassLoader.php:301
